<?xml version="1.0" encoding="UTF-8"?>
<testng-results ignored="0" total="1" passed="1" failed="0" skipped="0">
  <reporter-output>
  </reporter-output>
  <suite started-at="2024-02-07T17:40:13 CET" name="Surefire suite" finished-at="2024-02-07T17:40:13 CET" duration-ms="29">
    <groups>
    </groups>
    <test started-at="2024-02-07T17:40:13 CET" name="Surefire test" finished-at="2024-02-07T17:40:13 CET" duration-ms="29">
      <class name="test.org.maven.AppTest">
        <test-method signature="shouldAnswerWithTrue()" started-at="2024-02-07T17:40:13 CET" name="shouldAnswerWithTrue" finished-at="2024-02-07T17:40:13 CET" duration-ms="4" status="PASS">
          <reporter-output>
          </reporter-output>
        </test-method> <!-- shouldAnswerWithTrue -->
      </class> <!-- test.org.maven.AppTest -->
    </test> <!-- Surefire test -->
  </suite> <!-- Surefire suite -->
</testng-results>
