<?xml version="1.0" encoding="UTF-8"?>
<testng-results ignored="0" total="1" passed="1" failed="0" skipped="0">
  <reporter-output>
  </reporter-output>
  <suite started-at="2024-04-02T11:07:17 CEST" name="Default suite" finished-at="2024-04-02T11:07:18 CEST" duration-ms="1291">
    <groups>
    </groups>
    <test started-at="2024-04-02T11:07:17 CEST" name="Default test" finished-at="2024-04-02T11:07:18 CEST" duration-ms="1291">
      <class name="test.org.maven.HelloWorldChromeNGTest">
        <test-method is-config="true" signature="setupClass()[pri:0, instance:test.org.maven.HelloWorldChromeNGTest@515aebb0]" started-at="2024-04-02T11:07:17 CEST" name="setupClass" finished-at="2024-04-02T11:07:17 CEST" duration-ms="324" status="PASS">
          <reporter-output>
          </reporter-output>
        </test-method> <!-- setupClass -->
        <test-method is-config="true" signature="setup()[pri:0, instance:test.org.maven.HelloWorldChromeNGTest@515aebb0]" started-at="2024-04-02T11:07:17 CEST" name="setup" finished-at="2024-04-02T11:07:18 CEST" duration-ms="716" status="PASS">
          <reporter-output>
          </reporter-output>
        </test-method> <!-- setup -->
        <test-method signature="test()[pri:0, instance:test.org.maven.HelloWorldChromeNGTest@515aebb0]" started-at="2024-04-02T11:07:18 CEST" name="test" finished-at="2024-04-02T11:07:18 CEST" duration-ms="170" status="PASS">
          <reporter-output>
          </reporter-output>
        </test-method> <!-- test -->
        <test-method is-config="true" signature="teardown()[pri:0, instance:test.org.maven.HelloWorldChromeNGTest@515aebb0]" started-at="2024-04-02T11:07:18 CEST" name="teardown" finished-at="2024-04-02T11:07:18 CEST" duration-ms="61" status="PASS">
          <reporter-output>
          </reporter-output>
        </test-method> <!-- teardown -->
      </class> <!-- test.org.maven.HelloWorldChromeNGTest -->
    </test> <!-- Default test -->
  </suite> <!-- Default suite -->
</testng-results>
